2026-03-09 12:36:55 INFO 
                []
                com.example.demo.logger.TraceIdFilter - >>> TraceIdFilter invoked
2026-03-09 12:46:06 INFO 
                []
                com.example.demo.logger.TraceIdFilter - >>> TraceIdFilter invoked
2026-03-09 12:46:06 INFO 
                []
                com.example.demo.logger.TraceIdFilter - >>> TraceIdFilter invoked
2026-03-09 12:46:48 INFO 
                []
                com.example.demo.logger.TraceIdFilter - >>> TraceIdFilter invoked
2026-03-09 13:06:58 INFO 
                []
                com.example.demo.SpringbootexpApplicationTests - Starting SpringbootexpApplicationTests using Java 22.0.2 with PID 42212 (started by SandeepShinde in C:\Users\SandeepShinde\Downloads\demo)
2026-03-09 13:06:58 INFO 
                []
                com.example.demo.SpringbootexpApplicationTests - No active profile set, falling back to 1 default profile: "default"
2026-03-09 13:07:02 INFO 
                []
                org.springframework.boot.actuate.endpoint.web.EndpointLinksResolver - Exposing 13 endpoint(s) beneath base path '/actuator'
2026-03-09 13:07:02 INFO 
                []
                com.example.demo.SpringbootexpApplicationTests - Started SpringbootexpApplicationTests in 4.437 seconds (process running for 5.849)
2026-03-09 13:07:47 INFO 
                []
                com.example.demo.Application - Starting Application using Java 17.0.12 with PID 17752 (C:\Users\SandeepShinde\Downloads\demo\target\classes started by SandeepShinde in C:\Users\SandeepShinde\Downloads\demo)
2026-03-09 13:07:47 INFO 
                []
                com.example.demo.Application - No active profile set, falling back to 1 default profile: "default"
2026-03-09 13:07:50 INFO 
                []
                org.springframework.boot.web.embedded.tomcat.TomcatWebServer - Tomcat initialized with port 9090 (http)
2026-03-09 13:07:50 INFO 
                []
                org.apache.coyote.http11.Http11NioProtocol - Initializing ProtocolHandler ["http-nio-9090"]
2026-03-09 13:07:50 INFO 
                []
                org.apache.catalina.core.StandardService - Starting service [Tomcat]
2026-03-09 13:07:50 INFO 
                []
                org.apache.catalina.core.StandardEngine - Starting Servlet engine: [Apache Tomcat/10.1.20]
2026-03-09 13:07:50 INFO 
                []
                org.apache.catalina.core.ContainerBase.[Tomcat].[localhost].[/] - Initializing Spring embedded WebApplicationContext
2026-03-09 13:07:50 INFO 
                []
                org.springframework.boot.web.servlet.context.ServletWebServerApplicationContext - Root WebApplicationContext: initialization completed in 3258 ms
2026-03-09 13:07:52 INFO 
                []
                org.springframework.boot.actuate.endpoint.web.EndpointLinksResolver - Exposing 13 endpoint(s) beneath base path '/actuator'
2026-03-09 13:07:53 INFO 
                []
                org.apache.coyote.http11.Http11NioProtocol - Starting ProtocolHandler ["http-nio-9090"]
2026-03-09 13:07:53 INFO 
                []
                org.springframework.boot.web.embedded.tomcat.TomcatWebServer - Tomcat started on port 9090 (http) with context path ''
2026-03-09 13:07:53 INFO 
                []
                com.example.demo.Application - Started Application in 7.431 seconds (process running for 12.759)
